https://devstudio.redhat.com/static/12/stable/updates/core/12.9.0.GA/features/org.hibernate.eclipse.feature_5.4.2.v20180914-1437.jar
https://devstudio.redhat.com/static/12/stable/updates/core/12.9.0.GA/features/org.jboss.ide.eclipse.archives.feature_3.6.201.v20180807-1806.jar
https://devstudio.redhat.com/static/12/stable/updates/core/12.9.0.GA/plugins/org.eclipse.linuxtools.docker.core_4.1.0.201809010400.jar
https://devstudio.redhat.com/static/12/stable/updates/core/12.9.0.GA/plugins/org.eclipse.linuxtools.docker.editor_1.0.0.201809010400.jar
https://devstudio.redhat.com/static/12/stable/updates/core/12.9.0.GA/plugins/org.eclipse.linuxtools.docker.ui_4.1.0.201809010400.jar
https://devstudio.redhat.com/static/12/stable/updates/core/12.9.0.GA/plugins/org.eclipse.linuxtools.vagrant.core_2.0.0.201809010400.jar
https://devstudio.redhat.com/static/12/stable/updates/core/12.9.0.GA/plugins/org.eclipse.linuxtools.vagrant.docs_2.0.0.201809010400.jar
https://devstudio.redhat.com/static/12/stable/updates/core/12.9.0.GA/plugins/org.eclipse.linuxtools.vagrant.ui_2.0.0.201809010400.jar
https://devstudio.redhat.com/static/12/stable/updates/core/12.9.0.GA/plugins/org.eclipse.mylyn.wikitext_3.0.25.20180620133858.jar
https://devstudio.redhat.com/static/12/stable/updates/core/12.9.0.GA/plugins/org.eclipse.mylyn.wikitext.asciidoc_3.0.25.20180620133858.jar
https://devstudio.redhat.com/static/12/stable/updates/core/12.9.0.GA/plugins/org.hibernate.eclipse_5.4.2.v20180913-1147.jar.pack.gz
https://devstudio.redhat.com/static/12/stable/updates/core/12.9.0.GA/plugins/org.hibernate.eclipse.console_5.4.2.v20180913-1147.jar.pack.gz
https://devstudio.redhat.com/static/12/stable/updates/core/12.9.0.GA/plugins/org.hibernate.eclipse.help_5.4.2.v20180913-1147.jar.pack.gz
https://devstudio.redhat.com/static/12/stable/updates/core/12.9.0.GA/plugins/org.hibernate.eclipse.jdt.ui_5.4.2.v20180913-1147.jar.pack.gz
https://devstudio.redhat.com/static/12/stable/updates/core/12.9.0.GA/plugins/org.hibernate.eclipse.mapper_5.4.2.v20180913-1147.jar.pack.gz
https://devstudio.redhat.com/static/12/stable/updates/core/12.9.0.GA/plugins/org.jboss.ide.eclipse.archives.core_3.6.201.v20180807-1806.jar.pack.gz
https://devstudio.redhat.com/static/12/stable/updates/core/12.9.0.GA/plugins/org.jboss.ide.eclipse.archives.jdt.integration_3.6.201.v20180807-1806.jar.pack.gz
https://devstudio.redhat.com/static/12/stable/updates/core/12.9.0.GA/plugins/org.jboss.ide.eclipse.archives.ui_3.6.201.v20180807-1806.jar.pack.gz
https://devstudio.redhat.com/static/12/stable/updates/core/12.9.0.GA/plugins/org.jboss.ide.eclipse.archives.webtools_3.6.1.v20180905-1611.jar.pack.gz
https://devstudio.redhat.com/static/12/stable/updates/core/12.9.0.GA/plugins/org.jboss.ide.eclipse.as.classpath.core_3.6.1.v20180905-1611.jar.pack.gz
https://devstudio.redhat.com/static/12/stable/updates/core/12.9.0.GA/plugins/org.jboss.ide.eclipse.as.core_3.6.1.v20180926-1902.jar.pack.gz
https://devstudio.redhat.com/static/12/stable/updates/core/12.9.0.GA/plugins/org.jboss.ide.eclipse.as.dmr_3.6.1.v20180807-1806.jar.pack.gz
https://devstudio.redhat.com/static/12/stable/updates/core/12.9.0.GA/plugins/org.jboss.ide.eclipse.as.jmx.integration_3.6.1.v20180807-1806.jar.pack.gz
https://devstudio.redhat.com/static/12/stable/updates/core/12.9.0.GA/plugins/org.jboss.ide.eclipse.as.management.core_3.6.1.v20180807-1806.jar.pack.gz
https://devstudio.redhat.com/static/12/stable/updates/core/12.9.0.GA/plugins/org.jboss.ide.eclipse.as.ui_3.6.1.v20180905-1611.jar.pack.gz
https://devstudio.redhat.com/static/12/stable/updates/core/12.9.0.GA/plugins/org.jboss.ide.eclipse.as.wtp.core_3.6.1.v20180905-1611.jar.pack.gz
https://devstudio.redhat.com/static/12/stable/updates/core/12.9.0.GA/plugins/org.jboss.ide.eclipse.as.wtp.ui_3.6.1.v20180807-1806.jar.pack.gz
https://devstudio.redhat.com/static/12/stable/updates/core/12.9.0.GA/plugins/tern.eclipse_1.3.0.201803012316.jar
https://devstudio.redhat.com/static/12/stable/updates/core/12.9.0.GA/plugins/tern.eclipse.ide.core_1.3.0.201803012316.jar
https://devstudio.redhat.com/static/12/stable/updates/core/12.9.0.GA/plugins/tern.eclipse.ide.jsdt.core_1.3.0.201803012316.jar
https://devstudio.redhat.com/static/12/stable/updates/core/12.9.0.GA/plugins/tern.eclipse.ide.jsdt.ui_1.3.0.201803012316.jar
https://devstudio.redhat.com/static/12/stable/updates/core/12.9.0.GA/plugins/tern.eclipse.ide.server.nodejs.core_1.3.0.201803012316.jar
https://devstudio.redhat.com/static/12/stable/updates/core/12.9.0.GA/plugins/tern.eclipse.ide.server.nodejs.embed.linux.gtk.x86_64_1.3.0.201803012316.jar
https://devstudio.redhat.com/static/12/stable/updates/core/12.9.0.GA/plugins/tern.eclipse.ide.server.nodejs.ui_1.3.0.201803012316.jar
https://devstudio.redhat.com/static/12/stable/updates/core/12.9.0.GA/plugins/tern.eclipse.ide.tools.core_1.3.0.201803012316.jar
https://devstudio.redhat.com/static/12/stable/updates/core/12.9.0.GA/plugins/tern.eclipse.ide.tools.ui_1.3.0.201803012316.jar
https://devstudio.redhat.com/static/12/stable/updates/core/12.9.0.GA/plugins/tern.eclipse.ide.ui_1.3.0.201803012316.jar
https://devstudio.redhat.com/targetplatforms/devstudiotarget/4.9.0.Final-SNAPSHOT/REPO/features/org.eclipse.buildship_2.2.1.v20180125-1441.jar
https://devstudio.redhat.com/targetplatforms/devstudiotarget/4.9.0.Final-SNAPSHOT/REPO/features/org.eclipse.linuxtools.docker.feature_4.1.0.201809010400.jar
https://devstudio.redhat.com/targetplatforms/devstudiotarget/4.9.0.Final-SNAPSHOT/REPO/features/org.eclipse.linuxtools.vagrant.feature_4.1.0.201809010400.jar
https://devstudio.redhat.com/targetplatforms/devstudiotarget/4.9.0.Final-SNAPSHOT/REPO/plugins/org.eclipse.buildship.branding_2.2.1.v20180125-1441.jar.pack.gz
https://devstudio.redhat.com/targetplatforms/devstudiotarget/4.9.0.Final-SNAPSHOT/REPO/plugins/org.eclipse.buildship.core_2.2.1.v20180125-1441.jar.pack.gz
https://devstudio.redhat.com/targetplatforms/devstudiotarget/4.9.0.Final-SNAPSHOT/REPO/plugins/org.eclipse.buildship.stsmigration_2.2.1.v20180125-1441.jar.pack.gz
https://devstudio.redhat.com/targetplatforms/devstudiotarget/4.9.0.Final-SNAPSHOT/REPO/plugins/org.eclipse.buildship.ui_2.2.1.v20180125-1441.jar.pack.gz
https://devstudio.redhat.com/targetplatforms/devstudiotarget/4.9.0.Final-SNAPSHOT/REPO/plugins/org.eclipse.linuxtools.docker.core_4.1.0.201809010400.jar
https://devstudio.redhat.com/targetplatforms/devstudiotarget/4.9.0.Final-SNAPSHOT/REPO/plugins/org.eclipse.linuxtools.docker.docs_4.1.0.201809010400.jar
https://devstudio.redhat.com/targetplatforms/devstudiotarget/4.9.0.Final-SNAPSHOT/REPO/plugins/org.eclipse.linuxtools.docker.editor_1.0.0.201809010400.jar
https://devstudio.redhat.com/targetplatforms/devstudiotarget/4.9.0.Final-SNAPSHOT/REPO/plugins/org.eclipse.linuxtools.docker.ui_4.1.0.201809010400.jar
https://devstudio.redhat.com/targetplatforms/devstudiotarget/4.9.0.Final-SNAPSHOT/REPO/plugins/org.eclipse.mylyn.wikitext_3.0.25.20180620133858.jar
https://devstudio.redhat.com/targetplatforms/devstudiotarget/4.9.0.Final-SNAPSHOT/REPO/plugins/org.eclipse.mylyn.wikitext.asciidoc_3.0.25.20180620133858.jar
https://devstudio.redhat.com/targetplatforms/devstudiotarget/4.9.0.Final-SNAPSHOT/REPO/plugins/org.eclipse.sapphire.ui_9.1.0.201609301330.jar.pack.gz
https://devstudio.redhat.com/usage/installs/local/12.9.0-SNAPSHOT/GA/GA-v20180928-1629-B3448/org.hibernate.eclipse.feature
https://devstudio.redhat.com/usage/installs/local/12.9.0-SNAPSHOT/GA/GA-v20180928-1629-B3448/org.jboss.ide.eclipse.archives.feature
