http://archive.eclipse.org/webtools/downloads/drops/R3.8/R3.8.0/R-3.8.0-20160608130753/repository/compositeContent.jar
http://archive.eclipse.org/webtools/downloads/drops/R3.8/R3.8.0/R-3.8.0-20160608130753/repository/compositeContent.xml
http://archive.eclipse.org/webtools/downloads/drops/R3.8/R3.8.0/R-3.8.0-20160608130753/repository/content.jar
http://archive.eclipse.org/webtools/downloads/drops/R3.8/R3.8.0/R-3.8.0-20160608130753/repository/content.xml
http://archive.eclipse.org/webtools/downloads/drops/R3.8/R3.8.0/R-3.8.0-20160608130753/repository/content.xml.xz
http://archive.eclipse.org/webtools/downloads/drops/R3.8/R3.8.0/R-3.8.0-20160608130753/repository/site.xml
http://archive.eclipse.org/webtools/downloads/drops/R3.8/R3.8.1/R-3.8.1-20160912100321/repository/compositeContent.jar
http://archive.eclipse.org/webtools/downloads/drops/R3.8/R3.8.1/R-3.8.1-20160912100321/repository/compositeContent.xml
http://archive.eclipse.org/webtools/downloads/drops/R3.8/R3.8.1/R-3.8.1-20160912100321/repository/content.jar
http://archive.eclipse.org/webtools/downloads/drops/R3.8/R3.8.1/R-3.8.1-20160912100321/repository/content.xml
http://archive.eclipse.org/webtools/downloads/drops/R3.8/R3.8.1/R-3.8.1-20160912100321/repository/content.xml.xz
http://archive.eclipse.org/webtools/downloads/drops/R3.8/R3.8.1/R-3.8.1-20160912100321/repository/site.xml
http://archive.eclipse.org/webtools/downloads/drops/R3.8/R3.8.2/R-3.8.2-20170308000057/repository/compositeContent.jar
http://archive.eclipse.org/webtools/downloads/drops/R3.8/R3.8.2/R-3.8.2-20170308000057/repository/compositeContent.xml
http://archive.eclipse.org/webtools/downloads/drops/R3.8/R3.8.2/R-3.8.2-20170308000057/repository/content.jar
http://archive.eclipse.org/webtools/downloads/drops/R3.8/R3.8.2/R-3.8.2-20170308000057/repository/content.xml
http://archive.eclipse.org/webtools/downloads/drops/R3.8/R3.8.2/R-3.8.2-20170308000057/repository/content.xml.xz
http://archive.eclipse.org/webtools/downloads/drops/R3.8/R3.8.2/R-3.8.2-20170308000057/repository/site.xml
http://download.eclipse.org/webtools/downloads/drops/R3.8.0/R-3.8.0-20160608130753/repository/compositeContent.jar
http://download.eclipse.org/webtools/downloads/drops/R3.8.0/R-3.8.0-20160608130753/repository/compositeContent.xml
http://download.eclipse.org/webtools/downloads/drops/R3.8.0/R-3.8.0-20160608130753/repository/content.jar
http://download.eclipse.org/webtools/downloads/drops/R3.8.0/R-3.8.0-20160608130753/repository/content.xml
http://download.eclipse.org/webtools/downloads/drops/R3.8.0/R-3.8.0-20160608130753/repository/content.xml.xz
http://download.eclipse.org/webtools/downloads/drops/R3.8.0/R-3.8.0-20160608130753/repository/p2.index
http://download.eclipse.org/webtools/downloads/drops/R3.8.0/R-3.8.0-20160608130753/repository/site.xml
http://download.eclipse.org/webtools/downloads/drops/R3.8.0/S-3.8.0M4-20151215010029/repository/compositeContent.jar
http://download.eclipse.org/webtools/downloads/drops/R3.8.0/S-3.8.0M4-20151215010029/repository/compositeContent.xml
http://download.eclipse.org/webtools/downloads/drops/R3.8.0/S-3.8.0M4-20151215010029/repository/content.jar
http://download.eclipse.org/webtools/downloads/drops/R3.8.0/S-3.8.0M4-20151215010029/repository/content.xml
http://download.eclipse.org/webtools/downloads/drops/R3.8.0/S-3.8.0M4-20151215010029/repository/content.xml.xz
http://download.eclipse.org/webtools/downloads/drops/R3.8.0/S-3.8.0M4-20151215010029/repository/p2.index
http://download.eclipse.org/webtools/downloads/drops/R3.8.0/S-3.8.0M4-20151215010029/repository/site.xml
http://download.eclipse.org/webtools/downloads/drops/R3.8.0/S-3.8.0M5-20160202064558/repository/compositeContent.jar
http://download.eclipse.org/webtools/downloads/drops/R3.8.0/S-3.8.0M5-20160202064558/repository/compositeContent.xml
http://download.eclipse.org/webtools/downloads/drops/R3.8.0/S-3.8.0M5-20160202064558/repository/content.jar
http://download.eclipse.org/webtools/downloads/drops/R3.8.0/S-3.8.0M5-20160202064558/repository/content.xml
http://download.eclipse.org/webtools/downloads/drops/R3.8.0/S-3.8.0M5-20160202064558/repository/content.xml.xz
http://download.eclipse.org/webtools/downloads/drops/R3.8.0/S-3.8.0M5-20160202064558/repository/p2.index
http://download.eclipse.org/webtools/downloads/drops/R3.8.0/S-3.8.0M5-20160202064558/repository/site.xml
http://download.eclipse.org/webtools/downloads/drops/R3.8.0/S-3.8.0M6-20160324010110/repository/compositeContent.jar
http://download.eclipse.org/webtools/downloads/drops/R3.8.0/S-3.8.0M6-20160324010110/repository/compositeContent.xml
http://download.eclipse.org/webtools/downloads/drops/R3.8.0/S-3.8.0M6-20160324010110/repository/content.jar
http://download.eclipse.org/webtools/downloads/drops/R3.8.0/S-3.8.0M6-20160324010110/repository/content.xml
http://download.eclipse.org/webtools/downloads/drops/R3.8.0/S-3.8.0M6-20160324010110/repository/content.xml.xz
http://download.eclipse.org/webtools/downloads/drops/R3.8.0/S-3.8.0M6-20160324010110/repository/p2.index
http://download.eclipse.org/webtools/downloads/drops/R3.8.0/S-3.8.0M6-20160324010110/repository/site.xml
http://download.eclipse.org/webtools/downloads/drops/R3.8.0/S-3.8.0M7-20160503010110/repository/compositeContent.jar
http://download.eclipse.org/webtools/downloads/drops/R3.8.0/S-3.8.0M7-20160503010110/repository/compositeContent.xml
http://download.eclipse.org/webtools/downloads/drops/R3.8.0/S-3.8.0M7-20160503010110/repository/content.jar
http://download.eclipse.org/webtools/downloads/drops/R3.8.0/S-3.8.0M7-20160503010110/repository/content.xml
http://download.eclipse.org/webtools/downloads/drops/R3.8.0/S-3.8.0M7-20160503010110/repository/content.xml.xz
http://download.eclipse.org/webtools/downloads/drops/R3.8.0/S-3.8.0M7-20160503010110/repository/p2.index
http://download.eclipse.org/webtools/downloads/drops/R3.8.0/S-3.8.0M7-20160503010110/repository/site.xml
http://download.eclipse.org/webtools/downloads/drops/R3.8.0/S-3.8.0RC3-20160601010110/repository/compositeContent.jar
http://download.eclipse.org/webtools/downloads/drops/R3.8.0/S-3.8.0RC3-20160601010110/repository/compositeContent.xml
http://download.eclipse.org/webtools/downloads/drops/R3.8.0/S-3.8.0RC3-20160601010110/repository/content.jar
http://download.eclipse.org/webtools/downloads/drops/R3.8.0/S-3.8.0RC3-20160601010110/repository/content.xml
http://download.eclipse.org/webtools/downloads/drops/R3.8.0/S-3.8.0RC3-20160601010110/repository/content.xml.xz
http://download.eclipse.org/webtools/downloads/drops/R3.8.0/S-3.8.0RC3-20160601010110/repository/p2.index
http://download.eclipse.org/webtools/downloads/drops/R3.8.0/S-3.8.0RC3-20160601010110/repository/site.xml
http://download.eclipse.org/webtools/downloads/drops/R3.8.1/R-3.8.1-20160912100321/repository/compositeContent.jar
http://download.eclipse.org/webtools/downloads/drops/R3.8.1/R-3.8.1-20160912100321/repository/compositeContent.xml
http://download.eclipse.org/webtools/downloads/drops/R3.8.1/R-3.8.1-20160912100321/repository/content.jar
http://download.eclipse.org/webtools/downloads/drops/R3.8.1/R-3.8.1-20160912100321/repository/content.xml
http://download.eclipse.org/webtools/downloads/drops/R3.8.1/R-3.8.1-20160912100321/repository/content.xml.xz
http://download.eclipse.org/webtools/downloads/drops/R3.8.1/R-3.8.1-20160912100321/repository/p2.index
http://download.eclipse.org/webtools/downloads/drops/R3.8.1/R-3.8.1-20160912100321/repository/site.xml
http://ftp-stud.fht-esslingen.de/pub/Mirrors/eclipse/eclipse/updates/4.6/artifacts.jar
http://ftp-stud.fht-esslingen.de/pub/Mirrors/eclipse/eclipse/updates/4.6/artifacts.xml
http://ftp-stud.fht-esslingen.de/pub/Mirrors/eclipse/eclipse/updates/4.6/artifacts.xml.xz
http://ftp-stud.fht-esslingen.de/pub/Mirrors/eclipse/eclipse/updates/4.6/categoriesNeon/compositeContent.jar
http://ftp-stud.fht-esslingen.de/pub/Mirrors/eclipse/eclipse/updates/4.6/categoriesNeon/compositeContent.xml
http://ftp-stud.fht-esslingen.de/pub/Mirrors/eclipse/eclipse/updates/4.6/categoriesNeon/content.jar
http://ftp-stud.fht-esslingen.de/pub/Mirrors/eclipse/eclipse/updates/4.6/categoriesNeon/content.xml
http://ftp-stud.fht-esslingen.de/pub/Mirrors/eclipse/eclipse/updates/4.6/categoriesNeon/content.xml.xz
http://ftp-stud.fht-esslingen.de/pub/Mirrors/eclipse/eclipse/updates/4.6/categoriesNeon/p2.index
http://ftp-stud.fht-esslingen.de/pub/Mirrors/eclipse/eclipse/updates/4.6/categoriesNeon/site.xml
http://ftp-stud.fht-esslingen.de/pub/Mirrors/eclipse/eclipse/updates/4.6/compositeArtifacts.jar
http://ftp-stud.fht-esslingen.de/pub/Mirrors/eclipse/eclipse/updates/4.6/compositeArtifacts.xml
http://ftp-stud.fht-esslingen.de/pub/Mirrors/eclipse/eclipse/updates/4.6/compositeContent.jar
http://ftp-stud.fht-esslingen.de/pub/Mirrors/eclipse/eclipse/updates/4.6/compositeContent.xml
http://ftp-stud.fht-esslingen.de/pub/Mirrors/eclipse/eclipse/updates/4.6/content.jar
http://ftp-stud.fht-esslingen.de/pub/Mirrors/eclipse/eclipse/updates/4.6/content.xml
http://ftp-stud.fht-esslingen.de/pub/Mirrors/eclipse/eclipse/updates/4.6/content.xml.xz
http://ftp-stud.fht-esslingen.de/pub/Mirrors/eclipse/eclipse/updates/4.6/p2.index
http://ftp-stud.fht-esslingen.de/pub/Mirrors/eclipse/eclipse/updates/4.6/R-4.6.1-201609071200/compositeContent.jar
http://ftp-stud.fht-esslingen.de/pub/Mirrors/eclipse/eclipse/updates/4.6/R-4.6.1-201609071200/compositeContent.xml
http://ftp-stud.fht-esslingen.de/pub/Mirrors/eclipse/eclipse/updates/4.6/R-4.6.1-201609071200/content.jar
http://ftp-stud.fht-esslingen.de/pub/Mirrors/eclipse/eclipse/updates/4.6/R-4.6.1-201609071200/content.xml
http://ftp-stud.fht-esslingen.de/pub/Mirrors/eclipse/eclipse/updates/4.6/R-4.6.1-201609071200/content.xml.xz
http://ftp-stud.fht-esslingen.de/pub/Mirrors/eclipse/eclipse/updates/4.6/R-4.6.1-201609071200/p2.index
http://ftp-stud.fht-esslingen.de/pub/Mirrors/eclipse/eclipse/updates/4.6/R-4.6.1-201609071200/site.xml
http://ftp-stud.fht-esslingen.de/pub/Mirrors/eclipse/eclipse/updates/4.6/R-4.6-201606061100/artifacts.jar
http://ftp-stud.fht-esslingen.de/pub/Mirrors/eclipse/eclipse/updates/4.6/R-4.6-201606061100/artifacts.xml
http://ftp-stud.fht-esslingen.de/pub/Mirrors/eclipse/eclipse/updates/4.6/R-4.6-201606061100/artifacts.xml.xz
http://ftp-stud.fht-esslingen.de/pub/Mirrors/eclipse/eclipse/updates/4.6/R-4.6-201606061100/compositeArtifacts.jar
http://ftp-stud.fht-esslingen.de/pub/Mirrors/eclipse/eclipse/updates/4.6/R-4.6-201606061100/compositeArtifacts.xml
http://ftp-stud.fht-esslingen.de/pub/Mirrors/eclipse/eclipse/updates/4.6/R-4.6-201606061100/compositeContent.jar
http://ftp-stud.fht-esslingen.de/pub/Mirrors/eclipse/eclipse/updates/4.6/R-4.6-201606061100/compositeContent.xml
http://ftp-stud.fht-esslingen.de/pub/Mirrors/eclipse/eclipse/updates/4.6/R-4.6-201606061100/content.jar
http://ftp-stud.fht-esslingen.de/pub/Mirrors/eclipse/eclipse/updates/4.6/R-4.6-201606061100/content.xml
http://ftp-stud.fht-esslingen.de/pub/Mirrors/eclipse/eclipse/updates/4.6/R-4.6-201606061100/content.xml.xz
http://ftp-stud.fht-esslingen.de/pub/Mirrors/eclipse/eclipse/updates/4.6/R-4.6-201606061100/p2.index
http://ftp-stud.fht-esslingen.de/pub/Mirrors/eclipse/eclipse/updates/4.6/R-4.6-201606061100/site.xml
http://ftp-stud.fht-esslingen.de/pub/Mirrors/eclipse/eclipse/updates/4.6/R-4.6.2-201611241400/content.xml.xz
http://ftp-stud.fht-esslingen.de/pub/Mirrors/eclipse/eclipse/updates/4.6/R-4.6.2-201611241400/p2.index
http://ftp-stud.fht-esslingen.de/pub/Mirrors/eclipse/eclipse/updates/4.6/R-4.6.3-201703010400/content.xml.xz
http://ftp-stud.fht-esslingen.de/pub/Mirrors/eclipse/eclipse/updates/4.6/R-4.6.3-201703010400/p2.index
http://ftp-stud.fht-esslingen.de/pub/Mirrors/eclipse/eclipse/updates/4.6/site.xml
http://ftp-stud.fht-esslingen.de/pub/Mirrors/eclipse/releases/neon/201703141400/artifacts.jar
http://ftp-stud.fht-esslingen.de/pub/Mirrors/eclipse/releases/neon/201703141400/artifacts.xml
http://ftp-stud.fht-esslingen.de/pub/Mirrors/eclipse/releases/neon/201703141400/artifacts.xml.xz
http://ftp-stud.fht-esslingen.de/pub/Mirrors/eclipse/releases/neon/201703141400/compositeArtifacts.jar
http://ftp-stud.fht-esslingen.de/pub/Mirrors/eclipse/releases/neon/201703141400/compositeArtifacts.xml
http://ftp-stud.fht-esslingen.de/pub/Mirrors/eclipse/releases/neon/201703141400/plugins/javassist_3.13.0.GA_v201209210905.jar
http://ftp-stud.fht-esslingen.de/pub/Mirrors/eclipse/releases/neon/201703141400/plugins/javax.ws.rs_2.0.1.v201504171603.jar
http://ftp-stud.fht-esslingen.de/pub/Mirrors/eclipse/releases/neon/201703141400/plugins/jnr.x86asm_1.0.2.v201505052040.jar
http://ftp-stud.fht-esslingen.de/pub/Mirrors/eclipse/releases/neon/201703141400/plugins/org.glassfish.hk2.api_2.5.0.v20161103-0227.jar
http://ftp-stud.fht-esslingen.de/pub/Mirrors/eclipse/releases/neon/201703141400/plugins/org.glassfish.hk2.locator_2.5.0.v20161103-0227.jar
http://ftp-stud.fht-esslingen.de/pub/Mirrors/eclipse/releases/neon/201703141400/plugins/org.glassfish.hk2.osgi-resource-locator_2.5.0.v20161103-1916.jar
http://ftp-stud.fht-esslingen.de/pub/Mirrors/eclipse/releases/neon/201703141400/plugins/org.glassfish.hk2.utils_2.5.0.v20160210-1508.jar
http://ftp-stud.fht-esslingen.de/pub/Mirrors/eclipse/releases/neon/201703141400/plugins/org.glassfish.jersey.apache.connector_2.22.1.v20161103-1916.jar
http://ftp-stud.fht-esslingen.de/pub/Mirrors/eclipse/releases/neon/201703141400/plugins/org.glassfish.jersey.bundles.repackaged.jersey-guava_2.22.1.v20161103-1916.jar
http://ftp-stud.fht-esslingen.de/pub/Mirrors/eclipse/releases/neon/201703141400/plugins/org.glassfish.jersey.core.jersey-client_2.22.1.v20161103-1916.jar
http://ftp-stud.fht-esslingen.de/pub/Mirrors/eclipse/releases/neon/201703141400/plugins/org.glassfish.jersey.core.jersey-common_2.22.1.v20161103-1916.jar
http://ftp-stud.fht-esslingen.de/pub/Mirrors/eclipse/releases/neon/201703141400/plugins/org.glassfish.jersey.core.jersey-server_2.22.1.v20161103-1916.jar
http://ftp-stud.fht-esslingen.de/pub/Mirrors/eclipse/releases/neon/201703141400/plugins/org.glassfish.jersey.ext.entityfiltering_2.22.1.v20161103-0227.jar
http://ftp-stud.fht-esslingen.de/pub/Mirrors/eclipse/releases/neon/201703141400/plugins/org.glassfish.jersey.media.jersey-media-json-jackson_2.22.1.v20161117-2005.jar
http://ftp-stud.fht-esslingen.de/pub/Mirrors/eclipse/releases/neon/201703141400/site.xml
http://ftp-stud.fht-esslingen.de/pub/Mirrors/eclipse/releases/neon/201703231000/artifacts.jar
http://ftp-stud.fht-esslingen.de/pub/Mirrors/eclipse/releases/neon/201703231000/artifacts.xml
http://ftp-stud.fht-esslingen.de/pub/Mirrors/eclipse/releases/neon/201703231000/artifacts.xml.xz
http://ftp-stud.fht-esslingen.de/pub/Mirrors/eclipse/releases/neon/201703231000/compositeArtifacts.jar
http://ftp-stud.fht-esslingen.de/pub/Mirrors/eclipse/releases/neon/201703231000/compositeArtifacts.xml
http://ftp-stud.fht-esslingen.de/pub/Mirrors/eclipse/releases/neon/201703231000/site.xml
http://ftp-stud.fht-esslingen.de/pub/Mirrors/eclipse/releases/neon/artifacts.jar
http://ftp-stud.fht-esslingen.de/pub/Mirrors/eclipse/releases/neon/artifacts.xml
http://ftp-stud.fht-esslingen.de/pub/Mirrors/eclipse/releases/neon/artifacts.xml.xz
http://ftp-stud.fht-esslingen.de/pub/Mirrors/eclipse/releases/neon/compositeArtifacts.jar
http://ftp-stud.fht-esslingen.de/pub/Mirrors/eclipse/releases/neon/compositeArtifacts.xml
http://ftp-stud.fht-esslingen.de/pub/Mirrors/eclipse/releases/neon/site.xml
http://ftp-stud.fht-esslingen.de/pub/Mirrors/eclipse/webtools/repository/neon/artifacts.jar
http://ftp-stud.fht-esslingen.de/pub/Mirrors/eclipse/webtools/repository/neon/artifacts.xml
http://ftp-stud.fht-esslingen.de/pub/Mirrors/eclipse/webtools/repository/neon/artifacts.xml.xz
http://ftp-stud.fht-esslingen.de/pub/Mirrors/eclipse/webtools/repository/neon/compositeArtifacts.jar
http://ftp-stud.fht-esslingen.de/pub/Mirrors/eclipse/webtools/repository/neon/compositeArtifacts.xml
http://ftp-stud.fht-esslingen.de/pub/Mirrors/eclipse/webtools/repository/neon/compositeContent.jar
http://ftp-stud.fht-esslingen.de/pub/Mirrors/eclipse/webtools/repository/neon/compositeContent.xml
http://ftp-stud.fht-esslingen.de/pub/Mirrors/eclipse/webtools/repository/neon/content.jar
http://ftp-stud.fht-esslingen.de/pub/Mirrors/eclipse/webtools/repository/neon/content.xml
http://ftp-stud.fht-esslingen.de/pub/Mirrors/eclipse/webtools/repository/neon/content.xml.xz
http://ftp-stud.fht-esslingen.de/pub/Mirrors/eclipse/webtools/repository/neon/p2.index
http://ftp-stud.fht-esslingen.de/pub/Mirrors/eclipse/webtools/repository/neon/site.xml
https://dev.eclipse.org/recommenders/community/confess/v2/discovery
https://devstudio.redhat.com/static/12/stable/updates/core/12.9.0.GA/features/org.eclipse.buildship_2.2.1.v20180125-1441.jar
https://devstudio.redhat.com/static/12/stable/updates/core/12.9.0.GA/features/org.eclipse.linuxtools.docker.feature_4.1.0.201809010400.jar
https://devstudio.redhat.com/static/12/stable/updates/core/12.9.0.GA/features/org.eclipse.linuxtools.vagrant.feature_4.1.0.201809010400.jar
https://devstudio.redhat.com/static/12/stable/updates/core/12.9.0.GA/features/org.hibernate.eclipse.feature_5.4.2.v20180914-1437.jar
https://devstudio.redhat.com/static/12/stable/updates/core/12.9.0.GA/features/org.jboss.ide.eclipse.archives.feature_3.6.201.v20180807-1806.jar
https://devstudio.redhat.com/static/12/stable/updates/core/12.9.0.GA/plugins/org.eclipse.buildship.branding_2.2.1.v20180125-1441.jar
https://devstudio.redhat.com/static/12/stable/updates/core/12.9.0.GA/plugins/org.eclipse.buildship.branding_2.2.1.v20180125-1441.jar.pack.gz
https://devstudio.redhat.com/static/12/stable/updates/core/12.9.0.GA/plugins/org.eclipse.buildship.core_2.2.1.v20180125-1441.jar
https://devstudio.redhat.com/static/12/stable/updates/core/12.9.0.GA/plugins/org.eclipse.buildship.core_2.2.1.v20180125-1441.jar.pack.gz
https://devstudio.redhat.com/static/12/stable/updates/core/12.9.0.GA/plugins/org.eclipse.buildship.stsmigration_2.2.1.v20180125-1441.jar
https://devstudio.redhat.com/static/12/stable/updates/core/12.9.0.GA/plugins/org.eclipse.buildship.stsmigration_2.2.1.v20180125-1441.jar.pack.gz
https://devstudio.redhat.com/static/12/stable/updates/core/12.9.0.GA/plugins/org.eclipse.buildship.ui_2.2.1.v20180125-1441.jar
https://devstudio.redhat.com/static/12/stable/updates/core/12.9.0.GA/plugins/org.eclipse.buildship.ui_2.2.1.v20180125-1441.jar.pack.gz
https://devstudio.redhat.com/static/12/stable/updates/core/12.9.0.GA/plugins/org.eclipse.linuxtools.docker.core_4.1.0.201809010400.jar
https://devstudio.redhat.com/static/12/stable/updates/core/12.9.0.GA/plugins/org.eclipse.linuxtools.docker.docs_4.1.0.201809010400.jar
https://devstudio.redhat.com/static/12/stable/updates/core/12.9.0.GA/plugins/org.eclipse.linuxtools.docker.editor_1.0.0.201809010400.jar
https://devstudio.redhat.com/static/12/stable/updates/core/12.9.0.GA/plugins/org.eclipse.linuxtools.docker.ui_4.1.0.201809010400.jar
https://devstudio.redhat.com/static/12/stable/updates/core/12.9.0.GA/plugins/org.eclipse.linuxtools.vagrant.core_2.0.0.201809010400.jar
https://devstudio.redhat.com/static/12/stable/updates/core/12.9.0.GA/plugins/org.eclipse.linuxtools.vagrant.docs_2.0.0.201809010400.jar
https://devstudio.redhat.com/static/12/stable/updates/core/12.9.0.GA/plugins/org.eclipse.linuxtools.vagrant.ui_2.0.0.201809010400.jar
https://devstudio.redhat.com/static/12/stable/updates/core/12.9.0.GA/plugins/org.eclipse.mylyn.wikitext_3.0.25.20180620133858.jar
https://devstudio.redhat.com/static/12/stable/updates/core/12.9.0.GA/plugins/org.eclipse.mylyn.wikitext.asciidoc_3.0.25.20180620133858.jar
https://devstudio.redhat.com/static/12/stable/updates/core/12.9.0.GA/plugins/org.eclipse.sapphire.ui_9.1.0.201609301330.jar
https://devstudio.redhat.com/static/12/stable/updates/core/12.9.0.GA/plugins/org.eclipse.sapphire.ui_9.1.0.201609301330.jar.pack.gz
https://devstudio.redhat.com/static/12/stable/updates/core/12.9.0.GA/plugins/org.hibernate.eclipse_5.4.2.v20180913-1147.jar
https://devstudio.redhat.com/static/12/stable/updates/core/12.9.0.GA/plugins/org.hibernate.eclipse_5.4.2.v20180913-1147.jar.pack.gz
https://devstudio.redhat.com/static/12/stable/updates/core/12.9.0.GA/plugins/org.hibernate.eclipse.console_5.4.2.v20180913-1147.jar
https://devstudio.redhat.com/static/12/stable/updates/core/12.9.0.GA/plugins/org.hibernate.eclipse.console_5.4.2.v20180913-1147.jar.pack.gz
https://devstudio.redhat.com/static/12/stable/updates/core/12.9.0.GA/plugins/org.hibernate.eclipse.help_5.4.2.v20180913-1147.jar
https://devstudio.redhat.com/static/12/stable/updates/core/12.9.0.GA/plugins/org.hibernate.eclipse.help_5.4.2.v20180913-1147.jar.pack.gz
https://devstudio.redhat.com/static/12/stable/updates/core/12.9.0.GA/plugins/org.hibernate.eclipse.jdt.ui_5.4.2.v20180913-1147.jar
https://devstudio.redhat.com/static/12/stable/updates/core/12.9.0.GA/plugins/org.hibernate.eclipse.jdt.ui_5.4.2.v20180913-1147.jar.pack.gz
https://devstudio.redhat.com/static/12/stable/updates/core/12.9.0.GA/plugins/org.hibernate.eclipse.mapper_5.4.2.v20180913-1147.jar
https://devstudio.redhat.com/static/12/stable/updates/core/12.9.0.GA/plugins/org.hibernate.eclipse.mapper_5.4.2.v20180913-1147.jar.pack.gz
https://devstudio.redhat.com/static/12/stable/updates/core/12.9.0.GA/plugins/org.jboss.ide.eclipse.archives.core_3.6.201.v20180807-1806.jar
https://devstudio.redhat.com/static/12/stable/updates/core/12.9.0.GA/plugins/org.jboss.ide.eclipse.archives.core_3.6.201.v20180807-1806.jar.pack.gz
https://devstudio.redhat.com/static/12/stable/updates/core/12.9.0.GA/plugins/org.jboss.ide.eclipse.archives.jdt.integration_3.6.201.v20180807-1806.jar
https://devstudio.redhat.com/static/12/stable/updates/core/12.9.0.GA/plugins/org.jboss.ide.eclipse.archives.jdt.integration_3.6.201.v20180807-1806.jar.pack.gz
https://devstudio.redhat.com/static/12/stable/updates/core/12.9.0.GA/plugins/org.jboss.ide.eclipse.archives.ui_3.6.201.v20180807-1806.jar
https://devstudio.redhat.com/static/12/stable/updates/core/12.9.0.GA/plugins/org.jboss.ide.eclipse.archives.ui_3.6.201.v20180807-1806.jar.pack.gz
https://devstudio.redhat.com/static/12/stable/updates/core/12.9.0.GA/plugins/org.jboss.ide.eclipse.archives.webtools_3.6.1.v20180905-1611.jar
https://devstudio.redhat.com/static/12/stable/updates/core/12.9.0.GA/plugins/org.jboss.ide.eclipse.archives.webtools_3.6.1.v20180905-1611.jar.pack.gz
https://devstudio.redhat.com/static/12/stable/updates/core/12.9.0.GA/plugins/org.jboss.ide.eclipse.as.classpath.core_3.6.1.v20180905-1611.jar
https://devstudio.redhat.com/static/12/stable/updates/core/12.9.0.GA/plugins/org.jboss.ide.eclipse.as.classpath.core_3.6.1.v20180905-1611.jar.pack.gz
https://devstudio.redhat.com/static/12/stable/updates/core/12.9.0.GA/plugins/org.jboss.ide.eclipse.as.core_3.6.1.v20180926-1902.jar
https://devstudio.redhat.com/static/12/stable/updates/core/12.9.0.GA/plugins/org.jboss.ide.eclipse.as.core_3.6.1.v20180926-1902.jar.pack.gz
https://devstudio.redhat.com/static/12/stable/updates/core/12.9.0.GA/plugins/org.jboss.ide.eclipse.as.dmr_3.6.1.v20180807-1806.jar
https://devstudio.redhat.com/static/12/stable/updates/core/12.9.0.GA/plugins/org.jboss.ide.eclipse.as.dmr_3.6.1.v20180807-1806.jar.pack.gz
https://devstudio.redhat.com/static/12/stable/updates/core/12.9.0.GA/plugins/org.jboss.ide.eclipse.as.jmx.integration_3.6.1.v20180807-1806.jar
https://devstudio.redhat.com/static/12/stable/updates/core/12.9.0.GA/plugins/org.jboss.ide.eclipse.as.jmx.integration_3.6.1.v20180807-1806.jar.pack.gz
https://devstudio.redhat.com/static/12/stable/updates/core/12.9.0.GA/plugins/org.jboss.ide.eclipse.as.management.core_3.6.1.v20180807-1806.jar
https://devstudio.redhat.com/static/12/stable/updates/core/12.9.0.GA/plugins/org.jboss.ide.eclipse.as.management.core_3.6.1.v20180807-1806.jar.pack.gz
https://devstudio.redhat.com/static/12/stable/updates/core/12.9.0.GA/plugins/org.jboss.ide.eclipse.as.ui_3.6.1.v20180905-1611.jar
https://devstudio.redhat.com/static/12/stable/updates/core/12.9.0.GA/plugins/org.jboss.ide.eclipse.as.ui_3.6.1.v20180905-1611.jar.pack.gz
https://devstudio.redhat.com/static/12/stable/updates/core/12.9.0.GA/plugins/org.jboss.ide.eclipse.as.wtp.core_3.6.1.v20180905-1611.jar
https://devstudio.redhat.com/static/12/stable/updates/core/12.9.0.GA/plugins/org.jboss.ide.eclipse.as.wtp.core_3.6.1.v20180905-1611.jar.pack.gz
https://devstudio.redhat.com/static/12/stable/updates/core/12.9.0.GA/plugins/org.jboss.ide.eclipse.as.wtp.ui_3.6.1.v20180807-1806.jar
https://devstudio.redhat.com/static/12/stable/updates/core/12.9.0.GA/plugins/org.jboss.ide.eclipse.as.wtp.ui_3.6.1.v20180807-1806.jar.pack.gz
https://devstudio.redhat.com/static/12/stable/updates/core/12.9.0.GA/plugins/tern.eclipse_1.3.0.201803012316.jar
https://devstudio.redhat.com/static/12/stable/updates/core/12.9.0.GA/plugins/tern.eclipse.ide.core_1.3.0.201803012316.jar
https://devstudio.redhat.com/static/12/stable/updates/core/12.9.0.GA/plugins/tern.eclipse.ide.jsdt.core_1.3.0.201803012316.jar
https://devstudio.redhat.com/static/12/stable/updates/core/12.9.0.GA/plugins/tern.eclipse.ide.jsdt.ui_1.3.0.201803012316.jar
https://devstudio.redhat.com/static/12/stable/updates/core/12.9.0.GA/plugins/tern.eclipse.ide.server.nodejs.core_1.3.0.201803012316.jar
https://devstudio.redhat.com/static/12/stable/updates/core/12.9.0.GA/plugins/tern.eclipse.ide.server.nodejs.embed.linux.gtk.x86_64_1.3.0.201803012316.jar
https://devstudio.redhat.com/static/12/stable/updates/core/12.9.0.GA/plugins/tern.eclipse.ide.server.nodejs.ui_1.3.0.201803012316.jar
https://devstudio.redhat.com/static/12/stable/updates/core/12.9.0.GA/plugins/tern.eclipse.ide.tools.core_1.3.0.201803012316.jar
https://devstudio.redhat.com/static/12/stable/updates/core/12.9.0.GA/plugins/tern.eclipse.ide.tools.ui_1.3.0.201803012316.jar
https://devstudio.redhat.com/static/12/stable/updates/core/12.9.0.GA/plugins/tern.eclipse.ide.ui_1.3.0.201803012316.jar
https://devstudio.redhat.com/targetplatforms/devstudiotarget/4.9.0.Final-SNAPSHOT/REPO/features/org.eclipse.buildship_2.2.1.v20180125-1441.jar
https://devstudio.redhat.com/targetplatforms/devstudiotarget/4.9.0.Final-SNAPSHOT/REPO/features/org.eclipse.linuxtools.docker.feature_4.1.0.201809010400.jar
https://devstudio.redhat.com/targetplatforms/devstudiotarget/4.9.0.Final-SNAPSHOT/REPO/features/org.eclipse.linuxtools.vagrant.feature_4.1.0.201809010400.jar
https://devstudio.redhat.com/targetplatforms/devstudiotarget/4.9.0.Final-SNAPSHOT/REPO/plugins/org.eclipse.buildship.branding_2.2.1.v20180125-1441.jar
https://devstudio.redhat.com/targetplatforms/devstudiotarget/4.9.0.Final-SNAPSHOT/REPO/plugins/org.eclipse.buildship.branding_2.2.1.v20180125-1441.jar.pack.gz
https://devstudio.redhat.com/targetplatforms/devstudiotarget/4.9.0.Final-SNAPSHOT/REPO/plugins/org.eclipse.buildship.core_2.2.1.v20180125-1441.jar
https://devstudio.redhat.com/targetplatforms/devstudiotarget/4.9.0.Final-SNAPSHOT/REPO/plugins/org.eclipse.buildship.core_2.2.1.v20180125-1441.jar.pack.gz
https://devstudio.redhat.com/targetplatforms/devstudiotarget/4.9.0.Final-SNAPSHOT/REPO/plugins/org.eclipse.buildship.stsmigration_2.2.1.v20180125-1441.jar
https://devstudio.redhat.com/targetplatforms/devstudiotarget/4.9.0.Final-SNAPSHOT/REPO/plugins/org.eclipse.buildship.stsmigration_2.2.1.v20180125-1441.jar.pack.gz
https://devstudio.redhat.com/targetplatforms/devstudiotarget/4.9.0.Final-SNAPSHOT/REPO/plugins/org.eclipse.buildship.ui_2.2.1.v20180125-1441.jar
https://devstudio.redhat.com/targetplatforms/devstudiotarget/4.9.0.Final-SNAPSHOT/REPO/plugins/org.eclipse.buildship.ui_2.2.1.v20180125-1441.jar.pack.gz
https://devstudio.redhat.com/targetplatforms/devstudiotarget/4.9.0.Final-SNAPSHOT/REPO/plugins/org.eclipse.linuxtools.docker.core_4.1.0.201809010400.jar
https://devstudio.redhat.com/targetplatforms/devstudiotarget/4.9.0.Final-SNAPSHOT/REPO/plugins/org.eclipse.linuxtools.docker.docs_4.1.0.201809010400.jar
https://devstudio.redhat.com/targetplatforms/devstudiotarget/4.9.0.Final-SNAPSHOT/REPO/plugins/org.eclipse.linuxtools.docker.editor_1.0.0.201809010400.jar
https://devstudio.redhat.com/targetplatforms/devstudiotarget/4.9.0.Final-SNAPSHOT/REPO/plugins/org.eclipse.linuxtools.docker.ui_4.1.0.201809010400.jar
https://devstudio.redhat.com/targetplatforms/devstudiotarget/4.9.0.Final-SNAPSHOT/REPO/plugins/org.eclipse.linuxtools.vagrant.core_2.0.0.201809010400.jar
https://devstudio.redhat.com/targetplatforms/devstudiotarget/4.9.0.Final-SNAPSHOT/REPO/plugins/org.eclipse.linuxtools.vagrant.docs_2.0.0.201809010400.jar
https://devstudio.redhat.com/targetplatforms/devstudiotarget/4.9.0.Final-SNAPSHOT/REPO/plugins/org.eclipse.linuxtools.vagrant.ui_2.0.0.201809010400.jar
https://devstudio.redhat.com/targetplatforms/devstudiotarget/4.9.0.Final-SNAPSHOT/REPO/plugins/org.eclipse.mylyn.wikitext_3.0.25.20180620133858.jar
https://devstudio.redhat.com/targetplatforms/devstudiotarget/4.9.0.Final-SNAPSHOT/REPO/plugins/org.eclipse.mylyn.wikitext.asciidoc_3.0.25.20180620133858.jar
https://devstudio.redhat.com/targetplatforms/devstudiotarget/4.9.0.Final-SNAPSHOT/REPO/plugins/org.eclipse.sapphire.ui_9.1.0.201609301330.jar
https://devstudio.redhat.com/targetplatforms/devstudiotarget/4.9.0.Final-SNAPSHOT/REPO/plugins/org.eclipse.sapphire.ui_9.1.0.201609301330.jar.pack.gz
http://www.eclipse.org/downloads/download.php?format=xml&file=/releases/neon/201703141400&countryCode=de&timeZone=1&format=xml
http://www.eclipse.org/setups/setups.zip
